<?xml version="1.0" encoding="UTF-8"?>
<!-- Generated by org.testng.reporters.JUnitXMLReporter -->
<testsuite hostname="DILIPKUMAR" ignored="0" name="Test" tests="3" failures="0" timestamp="19 Apr 2019 15:00:56 GMT" time="109.836" errors="0">
  <testcase name="getAllPropertiesPriceReverseTest" time="2.718" classname="com.zoopla.tests.ForSalePageTest"/>
  <testcase name="getAgentdetailsTest" time="0.281" classname="com.zoopla.tests.PropertyDtilPageTest"/>
  <testcase name="verifyAgentNameTest" time="7.586" classname="com.zoopla.tests.AgentPageTest"/>
</testsuite> <!-- Test -->
